Compiling the C compiler identification source file "CMakeCCompilerId.c" failed.
Compiler: /Applications/Xcode.app/Contents/Developer/Toolchains/XcodeDefault.xctoolchain/usr/bin/cc 
Build flags: 
Id flags:  

The output was:
1
ld: library not found for -lSystem
clang: error: linker command failed with exit code 1 (use -v to see invocation)


Compiling the CXX compiler identification source file "CMakeCXXCompilerId.cpp" failed.
Compiler: /Applications/Xcode.app/Contents/Developer/Toolchains/XcodeDefault.xctoolchain/usr/bin/c++ 
Build flags: 
Id flags:  

The output was:
1
ld: library not found for -lc++
clang: error: linker command failed with exit code 1 (use -v to see invocation)


Determining if the PQencryptPasswordConn exist failed with the following output:
Change Dir: /Users/dominicjarmann/CLionProjects/SecModulBackend/cmake-build-debug/CMakeFiles/CMakeTmp

Run Build Command(s):/usr/bin/make cmTC_24b5a/fast && /Library/Developer/CommandLineTools/usr/bin/make -f CMakeFiles/cmTC_24b5a.dir/build.make CMakeFiles/cmTC_24b5a.dir/build
Building C object CMakeFiles/cmTC_24b5a.dir/CheckSymbolExists.c.o
/Applications/Xcode.app/Contents/Developer/Toolchains/XcodeDefault.xctoolchain/usr/bin/cc   -isysroot /Applications/Xcode.app/Contents/Developer/Platforms/MacOSX.platform/Developer/SDKs/MacOSX11.1.sdk   -o CMakeFiles/cmTC_24b5a.dir/CheckSymbolExists.c.o   -c /Users/dominicjarmann/CLionProjects/SecModulBackend/cmake-build-debug/CMakeFiles/CMakeTmp/CheckSymbolExists.c
Linking C executable cmTC_24b5a
/Applications/CLion.app/Contents/bin/cmake/mac/bin/cmake -E cmake_link_script CMakeFiles/cmTC_24b5a.dir/link.txt --verbose=1
/Applications/Xcode.app/Contents/Developer/Toolchains/XcodeDefault.xctoolchain/usr/bin/cc   -isysroot /Applications/Xcode.app/Contents/Developer/Platforms/MacOSX.platform/Developer/SDKs/MacOSX11.1.sdk -Wl,-search_paths_first -Wl,-headerpad_max_install_names   CMakeFiles/cmTC_24b5a.dir/CheckSymbolExists.c.o  -o cmTC_24b5a -lpq 
ld: library not found for -lpq
clang: error: linker command failed with exit code 1 (use -v to see invocation)
make[1]: *** [cmTC_24b5a] Error 1
make: *** [cmTC_24b5a/fast] Error 2


File /Users/dominicjarmann/CLionProjects/SecModulBackend/cmake-build-debug/CMakeFiles/CMakeTmp/CheckSymbolExists.c:
/* */
#include </usr/local/include/libpq-fe.h>

int main(int argc, char** argv)
{
  (void)argv;
#ifndef PQencryptPasswordConn
  return ((int*)(&PQencryptPasswordConn))[argc];
#else
  (void)argc;
  return 0;
#endif
}

